2024-12-23T08:09:26.234+07:00  WARN 28616 --- [siakad] [main] org.hibernate.orm.deprecation            : HHH90000025: PostgreSQLDialect does not need to be specified explicitly using 'hibernate.dialect' (remove the property setting and it will be selected by default)
2024-12-23T08:09:28.679+07:00 DEBUG 28616 --- [siakad] [main] org.hibernate.SQL                        : 
    create table session (
        session_id integer generated by default as identity,
        role varchar(255) not null,
        session_end_time timestamp(6),
        session_start_time timestamp(6),
        token varchar(255) not null,
        user_id integer not null,
        primary key (session_id)
    )
2024-12-23T08:09:28.739+07:00 DEBUG 28616 --- [siakad] [main] org.hibernate.SQL                        : 
    alter table if exists session 
       drop constraint if exists UKb6r9dyduuyefflvj4wrx41pa0
2024-12-23T08:09:28.742+07:00  WARN 28616 --- [siakad] [main] o.h.engine.jdbc.spi.SqlExceptionHelper   : SQL Warning Code: 0, SQLState: 00000
2024-12-23T08:09:28.742+07:00  WARN 28616 --- [siakad] [main] o.h.engine.jdbc.spi.SqlExceptionHelper   : constraint "ukb6r9dyduuyefflvj4wrx41pa0" of relation "session" does not exist, skipping
2024-12-23T08:09:28.742+07:00 DEBUG 28616 --- [siakad] [main] org.hibernate.SQL                        : 
    alter table if exists session 
       add constraint UKb6r9dyduuyefflvj4wrx41pa0 unique (role)
2024-12-23T08:09:28.759+07:00 DEBUG 28616 --- [siakad] [main] org.hibernate.SQL                        : 
    alter table if exists session 
       drop constraint if exists UK99a8wt1ryupsm3bw11qtj7oo1
2024-12-23T08:09:28.764+07:00  WARN 28616 --- [siakad] [main] o.h.engine.jdbc.spi.SqlExceptionHelper   : SQL Warning Code: 0, SQLState: 00000
2024-12-23T08:09:28.765+07:00  WARN 28616 --- [siakad] [main] o.h.engine.jdbc.spi.SqlExceptionHelper   : constraint "uk99a8wt1ryupsm3bw11qtj7oo1" of relation "session" does not exist, skipping
2024-12-23T08:09:28.766+07:00 DEBUG 28616 --- [siakad] [main] org.hibernate.SQL                        : 
    alter table if exists session 
       add constraint UK99a8wt1ryupsm3bw11qtj7oo1 unique (token)
2024-12-23T08:09:28.774+07:00 DEBUG 28616 --- [siakad] [main] org.hibernate.SQL                        : 
    alter table if exists session 
       drop constraint if exists UKbt2w3ktt68rtap9gry9pew62o
2024-12-23T08:09:28.778+07:00  WARN 28616 --- [siakad] [main] o.h.engine.jdbc.spi.SqlExceptionHelper   : SQL Warning Code: 0, SQLState: 00000
2024-12-23T08:09:28.779+07:00  WARN 28616 --- [siakad] [main] o.h.engine.jdbc.spi.SqlExceptionHelper   : constraint "ukbt2w3ktt68rtap9gry9pew62o" of relation "session" does not exist, skipping
2024-12-23T08:09:28.780+07:00 DEBUG 28616 --- [siakad] [main] org.hibernate.SQL                        : 
    alter table if exists session 
       add constraint UKbt2w3ktt68rtap9gry9pew62o unique (user_id)
2024-12-23T08:09:29.338+07:00  WARN 28616 --- [siakad] [main] ConfigServletWebServerApplicationContext : Exception encountered during context initialization - cancelling refresh attempt: org.springframework.beans.factory.UnsatisfiedDependencyException: Error creating bean with name 'loginController': Unsatisfied dependency expressed through field 'loginLogoutService': Error creating bean with name 'loginLogoutServiceImpl': Unsatisfied dependency expressed through field 'sessionRepo': Error creating bean with name 'sessionRepo' defined in com.project.siakad.repository.SessionRepo defined in @EnableJpaRepositories declared on JpaRepositoriesRegistrar.EnableJpaRepositoriesConfiguration: Could not create query for public abstract java.util.Optional com.project.siakad.repository.SessionRepo.findByUserId(java.lang.Integer); Reason: Failed to create query for method public abstract java.util.Optional com.project.siakad.repository.SessionRepo.findByUserId(java.lang.Integer); No property 'userId' found for type 'Session'; Did you mean 'user_id'
2024-12-23T08:09:29.457+07:00 ERROR 28616 --- [siakad] [main] o.s.boot.SpringApplication               : Application run failed

org.springframework.beans.factory.UnsatisfiedDependencyException: Error creating bean with name 'loginController': Unsatisfied dependency expressed through field 'loginLogoutService': Error creating bean with name 'loginLogoutServiceImpl': Unsatisfied dependency expressed through field 'sessionRepo': Error creating bean with name 'sessionRepo' defined in com.project.siakad.repository.SessionRepo defined in @EnableJpaRepositories declared on JpaRepositoriesRegistrar.EnableJpaRepositoriesConfiguration: Could not create query for public abstract java.util.Optional com.project.siakad.repository.SessionRepo.findByUserId(java.lang.Integer); Reason: Failed to create query for method public abstract java.util.Optional com.project.siakad.repository.SessionRepo.findByUserId(java.lang.Integer); No property 'userId' found for type 'Session'; Did you mean 'user_id'
	at org.springframework.beans.factory.annotation.AutowiredAnnotationBeanPostProcessor$AutowiredFieldElement.resolveFieldValue(AutowiredAnnotationBeanPostProcessor.java:788) ~[spring-beans-6.2.0.jar:6.2.0]
	at org.springframework.beans.factory.annotation.AutowiredAnnotationBeanPostProcessor$AutowiredFieldElement.inject(AutowiredAnnotationBeanPostProcessor.java:768) ~[spring-beans-6.2.0.jar:6.2.0]
	at org.springframework.beans.factory.annotation.InjectionMetadata.inject(InjectionMetadata.java:146) ~[spring-beans-6.2.0.jar:6.2.0]
	at org.springframework.beans.factory.annotation.AutowiredAnnotationBeanPostProcessor.postProcessProperties(AutowiredAnnotationBeanPostProcessor.java:509) ~[spring-beans-6.2.0.jar:6.2.0]
	at org.springframework.beans.factory.support.AbstractAutowireCapableBeanFactory.populateBean(AbstractAutowireCapableBeanFactory.java:1435) ~[spring-beans-6.2.0.jar:6.2.0]
	at org.springframework.beans.factory.support.AbstractAutowireCapableBeanFactory.doCreateBean(AbstractAutowireCapableBeanFactory.java:600) ~[spring-beans-6.2.0.jar:6.2.0]
	at org.springframework.beans.factory.support.AbstractAutowireCapableBeanFactory.createBean(AbstractAutowireCapableBeanFactory.java:523) ~[spring-beans-6.2.0.jar:6.2.0]
	at org.springframework.beans.factory.support.AbstractBeanFactory.lambda$doGetBean$0(AbstractBeanFactory.java:336) ~[spring-beans-6.2.0.jar:6.2.0]
	at org.springframework.beans.factory.support.DefaultSingletonBeanRegistry.getSingleton(DefaultSingletonBeanRegistry.java:288) ~[spring-beans-6.2.0.jar:6.2.0]
	at org.springframework.beans.factory.support.AbstractBeanFactory.doGetBean(AbstractBeanFactory.java:334) ~[spring-beans-6.2.0.jar:6.2.0]
	at org.springframework.beans.factory.support.AbstractBeanFactory.getBean(AbstractBeanFactory.java:199) ~[spring-beans-6.2.0.jar:6.2.0]
	at org.springframework.beans.factory.support.DefaultListableBeanFactory.instantiateSingleton(DefaultListableBeanFactory.java:1122) ~[spring-beans-6.2.0.jar:6.2.0]
	at org.springframework.beans.factory.support.DefaultListableBeanFactory.preInstantiateSingleton(DefaultListableBeanFactory.java:1093) ~[spring-beans-6.2.0.jar:6.2.0]
	at org.springframework.beans.factory.support.DefaultListableBeanFactory.preInstantiateSingletons(DefaultListableBeanFactory.java:1030) ~[spring-beans-6.2.0.jar:6.2.0]
	at org.springframework.context.support.AbstractApplicationContext.finishBeanFactoryInitialization(AbstractApplicationContext.java:987) ~[spring-context-6.2.0.jar:6.2.0]
	at org.springframework.context.support.AbstractApplicationContext.refresh(AbstractApplicationContext.java:627) ~[spring-context-6.2.0.jar:6.2.0]
	at org.springframework.boot.web.servlet.context.ServletWebServerApplicationContext.refresh(ServletWebServerApplicationContext.java:146) ~[spring-boot-3.4.0.jar:3.4.0]
	at org.springframework.boot.SpringApplication.refresh(SpringApplication.java:752) ~[spring-boot-3.4.0.jar:3.4.0]
	at org.springframework.boot.SpringApplication.refreshContext(SpringApplication.java:439) ~[spring-boot-3.4.0.jar:3.4.0]
	at org.springframework.boot.SpringApplication.run(SpringApplication.java:318) ~[spring-boot-3.4.0.jar:3.4.0]
	at org.springframework.boot.SpringApplication.run(SpringApplication.java:1361) ~[spring-boot-3.4.0.jar:3.4.0]
	at org.springframework.boot.SpringApplication.run(SpringApplication.java:1350) ~[spring-boot-3.4.0.jar:3.4.0]
	at com.project.siakad.SiakadApplication.main(SiakadApplication.java:10) ~[classes/:na]
Caused by: org.springframework.beans.factory.UnsatisfiedDependencyException: Error creating bean with name 'loginLogoutServiceImpl': Unsatisfied dependency expressed through field 'sessionRepo': Error creating bean with name 'sessionRepo' defined in com.project.siakad.repository.SessionRepo defined in @EnableJpaRepositories declared on JpaRepositoriesRegistrar.EnableJpaRepositoriesConfiguration: Could not create query for public abstract java.util.Optional com.project.siakad.repository.SessionRepo.findByUserId(java.lang.Integer); Reason: Failed to create query for method public abstract java.util.Optional com.project.siakad.repository.SessionRepo.findByUserId(java.lang.Integer); No property 'userId' found for type 'Session'; Did you mean 'user_id'
	at org.springframework.beans.factory.annotation.AutowiredAnnotationBeanPostProcessor$AutowiredFieldElement.resolveFieldValue(AutowiredAnnotationBeanPostProcessor.java:788) ~[spring-beans-6.2.0.jar:6.2.0]
	at org.springframework.beans.factory.annotation.AutowiredAnnotationBeanPostProcessor$AutowiredFieldElement.inject(AutowiredAnnotationBeanPostProcessor.java:768) ~[spring-beans-6.2.0.jar:6.2.0]
	at org.springframework.beans.factory.annotation.InjectionMetadata.inject(InjectionMetadata.java:146) ~[spring-beans-6.2.0.jar:6.2.0]
	at org.springframework.beans.factory.annotation.AutowiredAnnotationBeanPostProcessor.postProcessProperties(AutowiredAnnotationBeanPostProcessor.java:509) ~[spring-beans-6.2.0.jar:6.2.0]
	at org.springframework.beans.factory.support.AbstractAutowireCapableBeanFactory.populateBean(AbstractAutowireCapableBeanFactory.java:1435) ~[spring-beans-6.2.0.jar:6.2.0]
	at org.springframework.beans.factory.support.AbstractAutowireCapableBeanFactory.doCreateBean(AbstractAutowireCapableBeanFactory.java:600) ~[spring-beans-6.2.0.jar:6.2.0]
	at org.springframework.beans.factory.support.AbstractAutowireCapableBeanFactory.createBean(AbstractAutowireCapableBeanFactory.java:523) ~[spring-beans-6.2.0.jar:6.2.0]
	at org.springframework.beans.factory.support.AbstractBeanFactory.lambda$doGetBean$0(AbstractBeanFactory.java:336) ~[spring-beans-6.2.0.jar:6.2.0]
	at org.springframework.beans.factory.support.DefaultSingletonBeanRegistry.getSingleton(DefaultSingletonBeanRegistry.java:288) ~[spring-beans-6.2.0.jar:6.2.0]
	at org.springframework.beans.factory.support.AbstractBeanFactory.doGetBean(AbstractBeanFactory.java:334) ~[spring-beans-6.2.0.jar:6.2.0]
	at org.springframework.beans.factory.support.AbstractBeanFactory.getBean(AbstractBeanFactory.java:199) ~[spring-beans-6.2.0.jar:6.2.0]
	at org.springframework.beans.factory.config.DependencyDescriptor.resolveCandidate(DependencyDescriptor.java:254) ~[spring-beans-6.2.0.jar:6.2.0]
	at org.springframework.beans.factory.support.DefaultListableBeanFactory.doResolveDependency(DefaultListableBeanFactory.java:1626) ~[spring-beans-6.2.0.jar:6.2.0]
	at org.springframework.beans.factory.support.DefaultListableBeanFactory.resolveDependency(DefaultListableBeanFactory.java:1514) ~[spring-beans-6.2.0.jar:6.2.0]
	at org.springframework.beans.factory.annotation.AutowiredAnnotationBeanPostProcessor$AutowiredFieldElement.resolveFieldValue(AutowiredAnnotationBeanPostProcessor.java:785) ~[spring-beans-6.2.0.jar:6.2.0]
	... 22 common frames omitted
Caused by: org.springframework.beans.factory.BeanCreationException: Error creating bean with name 'sessionRepo' defined in com.project.siakad.repository.SessionRepo defined in @EnableJpaRepositories declared on JpaRepositoriesRegistrar.EnableJpaRepositoriesConfiguration: Could not create query for public abstract java.util.Optional com.project.siakad.repository.SessionRepo.findByUserId(java.lang.Integer); Reason: Failed to create query for method public abstract java.util.Optional com.project.siakad.repository.SessionRepo.findByUserId(java.lang.Integer); No property 'userId' found for type 'Session'; Did you mean 'user_id'
	at org.springframework.beans.factory.support.AbstractAutowireCapableBeanFactory.initializeBean(AbstractAutowireCapableBeanFactory.java:1802) ~[spring-beans-6.2.0.jar:6.2.0]
	at org.springframework.beans.factory.support.AbstractAutowireCapableBeanFactory.doCreateBean(AbstractAutowireCapableBeanFactory.java:601) ~[spring-beans-6.2.0.jar:6.2.0]
	at org.springframework.beans.factory.support.AbstractAutowireCapableBeanFactory.createBean(AbstractAutowireCapableBeanFactory.java:523) ~[spring-beans-6.2.0.jar:6.2.0]
	at org.springframework.beans.factory.support.AbstractBeanFactory.lambda$doGetBean$0(AbstractBeanFactory.java:336) ~[spring-beans-6.2.0.jar:6.2.0]
	at org.springframework.beans.factory.support.DefaultSingletonBeanRegistry.getSingleton(DefaultSingletonBeanRegistry.java:288) ~[spring-beans-6.2.0.jar:6.2.0]
	at org.springframework.beans.factory.support.AbstractBeanFactory.doGetBean(AbstractBeanFactory.java:334) ~[spring-beans-6.2.0.jar:6.2.0]
	at org.springframework.beans.factory.support.AbstractBeanFactory.getBean(AbstractBeanFactory.java:199) ~[spring-beans-6.2.0.jar:6.2.0]
	at org.springframework.beans.factory.support.DefaultListableBeanFactory.doResolveDependency(DefaultListableBeanFactory.java:1568) ~[spring-beans-6.2.0.jar:6.2.0]
	at org.springframework.beans.factory.support.DefaultListableBeanFactory.resolveDependency(DefaultListableBeanFactory.java:1514) ~[spring-beans-6.2.0.jar:6.2.0]
	at org.springframework.beans.factory.annotation.AutowiredAnnotationBeanPostProcessor$AutowiredFieldElement.resolveFieldValue(AutowiredAnnotationBeanPostProcessor.java:785) ~[spring-beans-6.2.0.jar:6.2.0]
	... 36 common frames omitted
Caused by: org.springframework.data.repository.query.QueryCreationException: Could not create query for public abstract java.util.Optional com.project.siakad.repository.SessionRepo.findByUserId(java.lang.Integer); Reason: Failed to create query for method public abstract java.util.Optional com.project.siakad.repository.SessionRepo.findByUserId(java.lang.Integer); No property 'userId' found for type 'Session'; Did you mean 'user_id'
	at org.springframework.data.repository.query.QueryCreationException.create(QueryCreationException.java:101) ~[spring-data-commons-3.4.0.jar:3.4.0]
	at org.springframework.data.repository.core.support.QueryExecutorMethodInterceptor.lookupQuery(QueryExecutorMethodInterceptor.java:120) ~[spring-data-commons-3.4.0.jar:3.4.0]
	at org.springframework.data.repository.core.support.QueryExecutorMethodInterceptor.mapMethodsToQuery(QueryExecutorMethodInterceptor.java:104) ~[spring-data-commons-3.4.0.jar:3.4.0]
	at org.springframework.data.repository.core.support.QueryExecutorMethodInterceptor.lambda$new$0(QueryExecutorMethodInterceptor.java:92) ~[spring-data-commons-3.4.0.jar:3.4.0]
	at java.base/java.util.Optional.map(Unknown Source) ~[na:na]
	at org.springframework.data.repository.core.support.QueryExecutorMethodInterceptor.<init>(QueryExecutorMethodInterceptor.java:92) ~[spring-data-commons-3.4.0.jar:3.4.0]
	at org.springframework.data.repository.core.support.RepositoryFactorySupport.getRepository(RepositoryFactorySupport.java:440) ~[spring-data-commons-3.4.0.jar:3.4.0]
	at org.springframework.data.repository.core.support.RepositoryFactoryBeanSupport.lambda$afterPropertiesSet$4(RepositoryFactoryBeanSupport.java:350) ~[spring-data-commons-3.4.0.jar:3.4.0]
	at org.springframework.data.util.Lazy.getNullable(Lazy.java:135) ~[spring-data-commons-3.4.0.jar:3.4.0]
	at org.springframework.data.util.Lazy.get(Lazy.java:113) ~[spring-data-commons-3.4.0.jar:3.4.0]
	at org.springframework.data.repository.core.support.RepositoryFactoryBeanSupport.afterPropertiesSet(RepositoryFactoryBeanSupport.java:356) ~[spring-data-commons-3.4.0.jar:3.4.0]
	at org.springframework.data.jpa.repository.support.JpaRepositoryFactoryBean.afterPropertiesSet(JpaRepositoryFactoryBean.java:132) ~[spring-data-jpa-3.4.0.jar:3.4.0]
	at org.springframework.beans.factory.support.AbstractAutowireCapableBeanFactory.invokeInitMethods(AbstractAutowireCapableBeanFactory.java:1849) ~[spring-beans-6.2.0.jar:6.2.0]
	at org.springframework.beans.factory.support.AbstractAutowireCapableBeanFactory.initializeBean(AbstractAutowireCapableBeanFactory.java:1798) ~[spring-beans-6.2.0.jar:6.2.0]
	... 45 common frames omitted
Caused by: java.lang.IllegalArgumentException: Failed to create query for method public abstract java.util.Optional com.project.siakad.repository.SessionRepo.findByUserId(java.lang.Integer); No property 'userId' found for type 'Session'; Did you mean 'user_id'
	at org.springframework.data.jpa.repository.query.PartTreeJpaQuery.<init>(PartTreeJpaQuery.java:107) ~[spring-data-jpa-3.4.0.jar:3.4.0]
	at org.springframework.data.jpa.repository.query.JpaQueryLookupStrategy$CreateQueryLookupStrategy.resolveQuery(JpaQueryLookupStrategy.java:128) ~[spring-data-jpa-3.4.0.jar:3.4.0]
	at org.springframework.data.jpa.repository.query.JpaQueryLookupStrategy$CreateIfNotFoundQueryLookupStrategy.resolveQuery(JpaQueryLookupStrategy.java:262) ~[spring-data-jpa-3.4.0.jar:3.4.0]
	at org.springframework.data.jpa.repository.query.JpaQueryLookupStrategy$AbstractQueryLookupStrategy.resolveQuery(JpaQueryLookupStrategy.java:99) ~[spring-data-jpa-3.4.0.jar:3.4.0]
	at org.springframework.data.repository.core.support.QueryExecutorMethodInterceptor.lookupQuery(QueryExecutorMethodInterceptor.java:116) ~[spring-data-commons-3.4.0.jar:3.4.0]
	... 57 common frames omitted
Caused by: org.springframework.data.mapping.PropertyReferenceException: No property 'userId' found for type 'Session'; Did you mean 'user_id'
	at org.springframework.data.mapping.PropertyPath.<init>(PropertyPath.java:94) ~[spring-data-commons-3.4.0.jar:3.4.0]
	at org.springframework.data.mapping.PropertyPath.create(PropertyPath.java:455) ~[spring-data-commons-3.4.0.jar:3.4.0]
	at org.springframework.data.mapping.PropertyPath.create(PropertyPath.java:431) ~[spring-data-commons-3.4.0.jar:3.4.0]
	at org.springframework.data.mapping.PropertyPath.lambda$from$0(PropertyPath.java:384) ~[spring-data-commons-3.4.0.jar:3.4.0]
	at java.base/java.util.concurrent.ConcurrentMap.computeIfAbsent(Unknown Source) ~[na:na]
	at org.springframework.data.mapping.PropertyPath.from(PropertyPath.java:366) ~[spring-data-commons-3.4.0.jar:3.4.0]
	at org.springframework.data.mapping.PropertyPath.from(PropertyPath.java:344) ~[spring-data-commons-3.4.0.jar:3.4.0]
	at org.springframework.data.repository.query.parser.Part.<init>(Part.java:81) ~[spring-data-commons-3.4.0.jar:3.4.0]
	at org.springframework.data.repository.query.parser.PartTree$OrPart.lambda$new$0(PartTree.java:259) ~[spring-data-commons-3.4.0.jar:3.4.0]
	at java.base/java.util.stream.ReferencePipeline$3$1.accept(Unknown Source) ~[na:na]
	at java.base/java.util.stream.ReferencePipeline$2$1.accept(Unknown Source) ~[na:na]
	at java.base/java.util.Spliterators$ArraySpliterator.forEachRemaining(Unknown Source) ~[na:na]
	at java.base/java.util.stream.AbstractPipeline.copyInto(Unknown Source) ~[na:na]
	at java.base/java.util.stream.AbstractPipeline.wrapAndCopyInto(Unknown Source) ~[na:na]
	at java.base/java.util.stream.ReduceOps$ReduceOp.evaluateSequential(Unknown Source) ~[na:na]
	at java.base/java.util.stream.AbstractPipeline.evaluate(Unknown Source) ~[na:na]
	at java.base/java.util.stream.ReferencePipeline.collect(Unknown Source) ~[na:na]
	at org.springframework.data.repository.query.parser.PartTree$OrPart.<init>(PartTree.java:260) ~[spring-data-commons-3.4.0.jar:3.4.0]
	at org.springframework.data.repository.query.parser.PartTree$Predicate.lambda$new$0(PartTree.java:389) ~[spring-data-commons-3.4.0.jar:3.4.0]
	at java.base/java.util.stream.ReferencePipeline$3$1.accept(Unknown Source) ~[na:na]
	at java.base/java.util.stream.ReferencePipeline$2$1.accept(Unknown Source) ~[na:na]
	at java.base/java.util.Spliterators$ArraySpliterator.forEachRemaining(Unknown Source) ~[na:na]
	at java.base/java.util.stream.AbstractPipeline.copyInto(Unknown Source) ~[na:na]
	at java.base/java.util.stream.AbstractPipeline.wrapAndCopyInto(Unknown Source) ~[na:na]
	at java.base/java.util.stream.ReduceOps$ReduceOp.evaluateSequential(Unknown Source) ~[na:na]
	at java.base/java.util.stream.AbstractPipeline.evaluate(Unknown Source) ~[na:na]
	at java.base/java.util.stream.ReferencePipeline.collect(Unknown Source) ~[na:na]
	at org.springframework.data.repository.query.parser.PartTree$Predicate.<init>(PartTree.java:390) ~[spring-data-commons-3.4.0.jar:3.4.0]
	at org.springframework.data.repository.query.parser.PartTree.<init>(PartTree.java:103) ~[spring-data-commons-3.4.0.jar:3.4.0]
	at org.springframework.data.jpa.repository.query.PartTreeJpaQuery.<init>(PartTreeJpaQuery.java:101) ~[spring-data-jpa-3.4.0.jar:3.4.0]
	... 61 common frames omitted

2024-12-23T08:11:48.786+07:00  WARN 15256 --- [siakad] [main] org.hibernate.orm.deprecation            : HHH90000025: PostgreSQLDialect does not need to be specified explicitly using 'hibernate.dialect' (remove the property setting and it will be selected by default)
2024-12-23T08:11:53.427+07:00  WARN 15256 --- [siakad] [main] JpaBaseConfiguration$JpaWebConfiguration : spring.jpa.open-in-view is enabled by default. Therefore, database queries may be performed during view rendering. Explicitly configure spring.jpa.open-in-view to disable this warning
2024-12-23T08:12:29.245+07:00  WARN 4144 --- [siakad] [main] org.hibernate.orm.deprecation            : HHH90000025: PostgreSQLDialect does not need to be specified explicitly using 'hibernate.dialect' (remove the property setting and it will be selected by default)
2024-12-23T08:12:33.473+07:00  WARN 4144 --- [siakad] [main] JpaBaseConfiguration$JpaWebConfiguration : spring.jpa.open-in-view is enabled by default. Therefore, database queries may be performed during view rendering. Explicitly configure spring.jpa.open-in-view to disable this warning
2024-12-23T08:13:55.550+07:00 DEBUG 4144 --- [siakad] [http-nio-9090-exec-1] org.hibernate.SQL                        : 
    select
        u1_0.user_id,
        u1_0.created_at,
        u1_0.deleted_at,
        u1_0.nip,
        u1_0.no_induk,
        u1_0.password,
        u1_0.role,
        u1_0.updated_at,
        u1_0.username 
    from
        users u1_0
2024-12-23T08:14:22.914+07:00 DEBUG 4144 --- [siakad] [http-nio-9090-exec-2] org.hibernate.SQL                        : 
    insert 
    into
        users
        (created_at, deleted_at, nip, no_induk, password, role, updated_at, username) 
    values
        (?, ?, ?, ?, ?, ?, ?, ?)
2024-12-23T08:14:28.403+07:00 DEBUG 4144 --- [siakad] [http-nio-9090-exec-3] org.hibernate.SQL                        : 
    select
        u1_0.user_id,
        u1_0.created_at,
        u1_0.deleted_at,
        u1_0.nip,
        u1_0.no_induk,
        u1_0.password,
        u1_0.role,
        u1_0.updated_at,
        u1_0.username 
    from
        users u1_0
2024-12-23T08:16:25.762+07:00 DEBUG 4144 --- [siakad] [http-nio-9090-exec-6] org.hibernate.SQL                        : 
    select
        u1_0.user_id,
        u1_0.created_at,
        u1_0.deleted_at,
        u1_0.nip,
        u1_0.no_induk,
        u1_0.password,
        u1_0.role,
        u1_0.updated_at,
        u1_0.username 
    from
        users u1_0 
    where
        u1_0.username=?
2024-12-23T08:16:25.808+07:00 DEBUG 4144 --- [siakad] [http-nio-9090-exec-6] org.hibernate.SQL                        : 
    select
        s1_0.session_id,
        s1_0.role,
        s1_0.session_end_time,
        s1_0.session_start_time,
        s1_0.token,
        s1_0.user_id 
    from
        session s1_0 
    where
        s1_0.session_id=?
2024-12-23T08:16:25.830+07:00 DEBUG 4144 --- [siakad] [http-nio-9090-exec-6] org.hibernate.SQL                        : 
    insert 
    into
        session
        (role, session_end_time, session_start_time, token, user_id) 
    values
        (?, ?, ?, ?, ?)
2024-12-23T08:24:37.900+07:00  WARN 21992 --- [siakad] [main] org.hibernate.orm.deprecation            : HHH90000025: PostgreSQLDialect does not need to be specified explicitly using 'hibernate.dialect' (remove the property setting and it will be selected by default)
2024-12-23T08:24:41.921+07:00  WARN 21992 --- [siakad] [main] JpaBaseConfiguration$JpaWebConfiguration : spring.jpa.open-in-view is enabled by default. Therefore, database queries may be performed during view rendering. Explicitly configure spring.jpa.open-in-view to disable this warning
2024-12-23T08:24:45.961+07:00 DEBUG 21992 --- [siakad] [http-nio-9090-exec-1] org.hibernate.SQL                        : 
    select
        s1_0.session_id,
        s1_0.role,
        s1_0.session_end_time,
        s1_0.session_start_time,
        s1_0.token,
        s1_0.user_id 
    from
        session s1_0 
    where
        s1_0.session_id=?
2024-12-23T08:25:07.549+07:00 DEBUG 21992 --- [siakad] [http-nio-9090-exec-2] org.hibernate.SQL                        : 
    select
        s1_0.session_id,
        s1_0.role,
        s1_0.session_end_time,
        s1_0.session_start_time,
        s1_0.token,
        s1_0.user_id 
    from
        session s1_0
2024-12-23T08:25:49.458+07:00 DEBUG 21992 --- [siakad] [http-nio-9090-exec-3] org.hibernate.SQL                        : 
    select
        r1_0.ruang_id,
        r1_0.created_at,
        r1_0.deleted_at,
        r1_0.nama_ruang,
        r1_0.updated_at 
    from
        ruang r1_0
2024-12-23T08:26:09.689+07:00 DEBUG 21992 --- [siakad] [http-nio-9090-exec-4] org.hibernate.SQL                        : 
    select
        u1_0.user_id,
        u1_0.created_at,
        u1_0.deleted_at,
        u1_0.nip,
        u1_0.no_induk,
        u1_0.password,
        u1_0.role,
        u1_0.updated_at,
        u1_0.username 
    from
        users u1_0
2024-12-23T08:26:35.589+07:00 DEBUG 21992 --- [siakad] [http-nio-9090-exec-5] org.hibernate.SQL                        : 
    select
        s1_0.session_id,
        s1_0.role,
        s1_0.session_end_time,
        s1_0.session_start_time,
        s1_0.token,
        s1_0.user_id 
    from
        session s1_0
2024-12-23T08:54:29.818+07:00  WARN 22568 --- [siakad] [main] org.hibernate.orm.deprecation            : HHH90000025: PostgreSQLDialect does not need to be specified explicitly using 'hibernate.dialect' (remove the property setting and it will be selected by default)
2024-12-23T08:54:33.377+07:00  WARN 22568 --- [siakad] [main] JpaBaseConfiguration$JpaWebConfiguration : spring.jpa.open-in-view is enabled by default. Therefore, database queries may be performed during view rendering. Explicitly configure spring.jpa.open-in-view to disable this warning
2024-12-23T08:55:29.935+07:00 DEBUG 22568 --- [siakad] [http-nio-9090-exec-1] org.hibernate.SQL                        : 
    select
        u1_0.user_id,
        u1_0.created_at,
        u1_0.deleted_at,
        u1_0.nip,
        u1_0.no_induk,
        u1_0.password,
        u1_0.role,
        u1_0.updated_at,
        u1_0.username 
    from
        users u1_0 
    where
        u1_0.username=?
2024-12-23T08:55:30.092+07:00 DEBUG 22568 --- [siakad] [http-nio-9090-exec-1] org.hibernate.SQL                        : 
    select
        s1_0.session_id,
        s1_0.role,
        s1_0.session_end_time,
        s1_0.session_start_time,
        s1_0.token,
        s1_0.user_id 
    from
        session s1_0 
    where
        s1_0.session_id=?
2024-12-23T08:55:30.185+07:00 DEBUG 22568 --- [siakad] [http-nio-9090-exec-1] org.hibernate.SQL                        : 
    insert 
    into
        session
        (role, session_end_time, session_start_time, token, user_id) 
    values
        (?, ?, ?, ?, ?)
2024-12-23T08:55:30.223+07:00  WARN 22568 --- [siakad] [http-nio-9090-exec-1] o.h.engine.jdbc.spi.SqlExceptionHelper   : SQL Error: 0, SQLState: 23505
2024-12-23T08:55:30.224+07:00 ERROR 22568 --- [siakad] [http-nio-9090-exec-1] o.h.engine.jdbc.spi.SqlExceptionHelper   : ERROR: duplicate key value violates unique constraint "ukb6r9dyduuyefflvj4wrx41pa0"
  Detail: Key (role)=(Guru) already exists.
2024-12-23T08:56:30.071+07:00  WARN 25708 --- [siakad] [main] org.hibernate.orm.deprecation            : HHH90000025: PostgreSQLDialect does not need to be specified explicitly using 'hibernate.dialect' (remove the property setting and it will be selected by default)
2024-12-23T08:56:36.557+07:00  WARN 25708 --- [siakad] [main] JpaBaseConfiguration$JpaWebConfiguration : spring.jpa.open-in-view is enabled by default. Therefore, database queries may be performed during view rendering. Explicitly configure spring.jpa.open-in-view to disable this warning
2024-12-23T08:56:40.247+07:00 DEBUG 25708 --- [siakad] [http-nio-9090-exec-1] org.hibernate.SQL                        : 
    select
        u1_0.user_id,
        u1_0.created_at,
        u1_0.deleted_at,
        u1_0.nip,
        u1_0.no_induk,
        u1_0.password,
        u1_0.role,
        u1_0.updated_at,
        u1_0.username 
    from
        users u1_0 
    where
        u1_0.username=?
2024-12-23T08:56:40.500+07:00 DEBUG 25708 --- [siakad] [http-nio-9090-exec-1] org.hibernate.SQL                        : 
    select
        s1_0.session_id,
        s1_0.role,
        s1_0.session_end_time,
        s1_0.session_start_time,
        s1_0.token,
        s1_0.user_id 
    from
        session s1_0 
    where
        s1_0.session_id=?
2024-12-23T08:56:40.681+07:00 DEBUG 25708 --- [siakad] [http-nio-9090-exec-1] org.hibernate.SQL                        : 
    insert 
    into
        session
        (role, session_end_time, session_start_time, token, user_id) 
    values
        (?, ?, ?, ?, ?)
2024-12-23T08:56:40.748+07:00  WARN 25708 --- [siakad] [http-nio-9090-exec-1] o.h.engine.jdbc.spi.SqlExceptionHelper   : SQL Error: 0, SQLState: 23505
2024-12-23T08:56:40.749+07:00 ERROR 25708 --- [siakad] [http-nio-9090-exec-1] o.h.engine.jdbc.spi.SqlExceptionHelper   : ERROR: duplicate key value violates unique constraint "ukb6r9dyduuyefflvj4wrx41pa0"
  Detail: Key (role)=(Guru) already exists.
2024-12-23T08:58:11.243+07:00 DEBUG 25708 --- [siakad] [http-nio-9090-exec-2] org.hibernate.SQL                        : 
    select
        s1_0.session_id,
        s1_0.role,
        s1_0.session_end_time,
        s1_0.session_start_time,
        s1_0.token,
        s1_0.user_id 
    from
        session s1_0
2024-12-23T08:58:43.471+07:00 DEBUG 25708 --- [siakad] [http-nio-9090-exec-4] org.hibernate.SQL                        : 
    select
        s1_0.session_id,
        s1_0.role,
        s1_0.session_end_time,
        s1_0.session_start_time,
        s1_0.token,
        s1_0.user_id 
    from
        session s1_0 
    where
        s1_0.token=?
2024-12-23T08:58:43.480+07:00 DEBUG 25708 --- [siakad] [http-nio-9090-exec-4] org.hibernate.SQL                        : 
    select
        s1_0.session_id,
        s1_0.role,
        s1_0.session_end_time,
        s1_0.session_start_time,
        s1_0.token,
        s1_0.user_id 
    from
        session s1_0 
    where
        s1_0.token=?
2024-12-23T08:58:43.538+07:00 DEBUG 25708 --- [siakad] [http-nio-9090-exec-4] org.hibernate.SQL                        : 
    delete 
    from
        session 
    where
        session_id=?
2024-12-23T08:59:04.146+07:00 DEBUG 25708 --- [siakad] [http-nio-9090-exec-5] org.hibernate.SQL                        : 
    select
        s1_0.session_id,
        s1_0.role,
        s1_0.session_end_time,
        s1_0.session_start_time,
        s1_0.token,
        s1_0.user_id 
    from
        session s1_0
2024-12-23T08:59:23.226+07:00 DEBUG 25708 --- [siakad] [http-nio-9090-exec-7] org.hibernate.SQL                        : 
    select
        u1_0.user_id,
        u1_0.created_at,
        u1_0.deleted_at,
        u1_0.nip,
        u1_0.no_induk,
        u1_0.password,
        u1_0.role,
        u1_0.updated_at,
        u1_0.username 
    from
        users u1_0 
    where
        u1_0.username=?
2024-12-23T08:59:23.240+07:00 DEBUG 25708 --- [siakad] [http-nio-9090-exec-7] org.hibernate.SQL                        : 
    select
        s1_0.session_id,
        s1_0.role,
        s1_0.session_end_time,
        s1_0.session_start_time,
        s1_0.token,
        s1_0.user_id 
    from
        session s1_0 
    where
        s1_0.session_id=?
2024-12-23T08:59:23.261+07:00 DEBUG 25708 --- [siakad] [http-nio-9090-exec-7] org.hibernate.SQL                        : 
    insert 
    into
        session
        (role, session_end_time, session_start_time, token, user_id) 
    values
        (?, ?, ?, ?, ?)
2024-12-23T08:59:38.245+07:00 DEBUG 25708 --- [siakad] [http-nio-9090-exec-8] org.hibernate.SQL                        : 
    select
        s1_0.session_id,
        s1_0.role,
        s1_0.session_end_time,
        s1_0.session_start_time,
        s1_0.token,
        s1_0.user_id 
    from
        session s1_0 
    where
        s1_0.token=?
2024-12-23T08:59:46.478+07:00 DEBUG 25708 --- [siakad] [http-nio-9090-exec-6] org.hibernate.SQL                        : 
    select
        s1_0.session_id,
        s1_0.role,
        s1_0.session_end_time,
        s1_0.session_start_time,
        s1_0.token,
        s1_0.user_id 
    from
        session s1_0 
    where
        s1_0.token=?
2024-12-23T08:59:46.494+07:00 DEBUG 25708 --- [siakad] [http-nio-9090-exec-6] org.hibernate.SQL                        : 
    select
        s1_0.session_id,
        s1_0.role,
        s1_0.session_end_time,
        s1_0.session_start_time,
        s1_0.token,
        s1_0.user_id 
    from
        session s1_0 
    where
        s1_0.token=?
2024-12-23T08:59:46.504+07:00 DEBUG 25708 --- [siakad] [http-nio-9090-exec-6] org.hibernate.SQL                        : 
    delete 
    from
        session 
    where
        session_id=?
2024-12-23T08:59:54.352+07:00 DEBUG 25708 --- [siakad] [http-nio-9090-exec-9] org.hibernate.SQL                        : 
    select
        u1_0.user_id,
        u1_0.created_at,
        u1_0.deleted_at,
        u1_0.nip,
        u1_0.no_induk,
        u1_0.password,
        u1_0.role,
        u1_0.updated_at,
        u1_0.username 
    from
        users u1_0 
    where
        u1_0.username=?
2024-12-23T08:59:54.363+07:00 DEBUG 25708 --- [siakad] [http-nio-9090-exec-9] org.hibernate.SQL                        : 
    select
        s1_0.session_id,
        s1_0.role,
        s1_0.session_end_time,
        s1_0.session_start_time,
        s1_0.token,
        s1_0.user_id 
    from
        session s1_0 
    where
        s1_0.session_id=?
2024-12-23T08:59:54.369+07:00 DEBUG 25708 --- [siakad] [http-nio-9090-exec-9] org.hibernate.SQL                        : 
    insert 
    into
        session
        (role, session_end_time, session_start_time, token, user_id) 
    values
        (?, ?, ?, ?, ?)
2024-12-23T09:00:12.182+07:00 DEBUG 25708 --- [siakad] [http-nio-9090-exec-10] org.hibernate.SQL                        : 
    select
        s1_0.session_id,
        s1_0.role,
        s1_0.session_end_time,
        s1_0.session_start_time,
        s1_0.token,
        s1_0.user_id 
    from
        session s1_0 
    where
        s1_0.token=?
2024-12-23T09:00:12.205+07:00 DEBUG 25708 --- [siakad] [http-nio-9090-exec-10] org.hibernate.SQL                        : 
    select
        s1_0.session_id,
        s1_0.role,
        s1_0.session_end_time,
        s1_0.session_start_time,
        s1_0.token,
        s1_0.user_id 
    from
        session s1_0 
    where
        s1_0.token=?
2024-12-23T09:00:12.215+07:00 DEBUG 25708 --- [siakad] [http-nio-9090-exec-10] org.hibernate.SQL                        : 
    delete 
    from
        session 
    where
        session_id=?
2024-12-23T09:00:18.338+07:00 DEBUG 25708 --- [siakad] [http-nio-9090-exec-1] org.hibernate.SQL                        : 
    select
        s1_0.session_id,
        s1_0.role,
        s1_0.session_end_time,
        s1_0.session_start_time,
        s1_0.token,
        s1_0.user_id 
    from
        session s1_0
2024-12-23T09:17:51.938+07:00  WARN 24092 --- [siakad] [main] org.hibernate.orm.deprecation            : HHH90000025: PostgreSQLDialect does not need to be specified explicitly using 'hibernate.dialect' (remove the property setting and it will be selected by default)
2024-12-23T09:17:57.199+07:00  WARN 24092 --- [siakad] [main] JpaBaseConfiguration$JpaWebConfiguration : spring.jpa.open-in-view is enabled by default. Therefore, database queries may be performed during view rendering. Explicitly configure spring.jpa.open-in-view to disable this warning
2024-12-23T09:18:07.521+07:00 DEBUG 24092 --- [siakad] [http-nio-9090-exec-2] org.hibernate.SQL                        : 
    select
        s1_0.session_id,
        s1_0.role,
        s1_0.session_end_time,
        s1_0.session_start_time,
        s1_0.token,
        s1_0.user_id 
    from
        session s1_0
2024-12-23T09:18:20.752+07:00 DEBUG 24092 --- [siakad] [http-nio-9090-exec-3] org.hibernate.SQL                        : 
    select
        u1_0.user_id,
        u1_0.created_at,
        u1_0.deleted_at,
        u1_0.nip,
        u1_0.no_induk,
        u1_0.password,
        u1_0.role,
        u1_0.updated_at,
        u1_0.username 
    from
        users u1_0 
    where
        u1_0.username=?
2024-12-23T09:18:20.851+07:00 DEBUG 24092 --- [siakad] [http-nio-9090-exec-3] org.hibernate.SQL                        : 
    select
        s1_0.session_id,
        s1_0.role,
        s1_0.session_end_time,
        s1_0.session_start_time,
        s1_0.token,
        s1_0.user_id 
    from
        session s1_0 
    where
        s1_0.session_id=?
2024-12-23T09:18:20.967+07:00 DEBUG 24092 --- [siakad] [http-nio-9090-exec-3] org.hibernate.SQL                        : 
    insert 
    into
        session
        (role, session_end_time, session_start_time, token, user_id) 
    values
        (?, ?, ?, ?, ?)
2024-12-23T09:18:35.105+07:00 DEBUG 24092 --- [siakad] [http-nio-9090-exec-1] org.hibernate.SQL                        : 
    select
        s1_0.session_id,
        s1_0.role,
        s1_0.session_end_time,
        s1_0.session_start_time,
        s1_0.token,
        s1_0.user_id 
    from
        session s1_0
2024-12-23T09:18:44.275+07:00 DEBUG 24092 --- [siakad] [http-nio-9090-exec-4] org.hibernate.SQL                        : 
    select
        u1_0.user_id,
        u1_0.created_at,
        u1_0.deleted_at,
        u1_0.nip,
        u1_0.no_induk,
        u1_0.password,
        u1_0.role,
        u1_0.updated_at,
        u1_0.username 
    from
        users u1_0 
    where
        u1_0.username=?
2024-12-23T09:18:44.287+07:00 DEBUG 24092 --- [siakad] [http-nio-9090-exec-4] org.hibernate.SQL                        : 
    select
        s1_0.session_id,
        s1_0.role,
        s1_0.session_end_time,
        s1_0.session_start_time,
        s1_0.token,
        s1_0.user_id 
    from
        session s1_0 
    where
        s1_0.session_id=?
2024-12-23T09:18:44.300+07:00 DEBUG 24092 --- [siakad] [http-nio-9090-exec-4] org.hibernate.SQL                        : 
    insert 
    into
        session
        (role, session_end_time, session_start_time, token, user_id) 
    values
        (?, ?, ?, ?, ?)
2024-12-23T09:18:44.331+07:00  WARN 24092 --- [siakad] [http-nio-9090-exec-4] o.h.engine.jdbc.spi.SqlExceptionHelper   : SQL Error: 0, SQLState: 23505
2024-12-23T09:18:44.333+07:00 ERROR 24092 --- [siakad] [http-nio-9090-exec-4] o.h.engine.jdbc.spi.SqlExceptionHelper   : ERROR: duplicate key value violates unique constraint "ukb6r9dyduuyefflvj4wrx41pa0"
  Detail: Key (role)=(Guru) already exists.
2024-12-23T09:19:34.626+07:00 DEBUG 24092 --- [siakad] [http-nio-9090-exec-5] org.hibernate.SQL                        : 
    select
        s1_0.session_id,
        s1_0.role,
        s1_0.session_end_time,
        s1_0.session_start_time,
        s1_0.token,
        s1_0.user_id 
    from
        session s1_0 
    where
        s1_0.token=?
2024-12-23T09:19:34.643+07:00 DEBUG 24092 --- [siakad] [http-nio-9090-exec-5] org.hibernate.SQL                        : 
    select
        s1_0.session_id,
        s1_0.role,
        s1_0.session_end_time,
        s1_0.session_start_time,
        s1_0.token,
        s1_0.user_id 
    from
        session s1_0
2024-12-23T09:19:34.685+07:00 DEBUG 24092 --- [siakad] [http-nio-9090-exec-5] org.hibernate.SQL                        : 
    select
        s1_0.session_id,
        s1_0.role,
        s1_0.session_end_time,
        s1_0.session_start_time,
        s1_0.token,
        s1_0.user_id 
    from
        session s1_0 
    where
        s1_0.token=?
2024-12-23T09:19:34.746+07:00 DEBUG 24092 --- [siakad] [http-nio-9090-exec-5] org.hibernate.SQL                        : 
    delete 
    from
        session 
    where
        session_id=?
2024-12-23T09:19:52.296+07:00 DEBUG 24092 --- [siakad] [http-nio-9090-exec-6] org.hibernate.SQL                        : 
    select
        s1_0.session_id,
        s1_0.role,
        s1_0.session_end_time,
        s1_0.session_start_time,
        s1_0.token,
        s1_0.user_id 
    from
        session s1_0
2024-12-23T09:59:38.967+07:00  WARN 28588 --- [siakad] [main] org.hibernate.orm.deprecation            : HHH90000025: PostgreSQLDialect does not need to be specified explicitly using 'hibernate.dialect' (remove the property setting and it will be selected by default)
2024-12-23T09:59:43.868+07:00  WARN 28588 --- [siakad] [main] JpaBaseConfiguration$JpaWebConfiguration : spring.jpa.open-in-view is enabled by default. Therefore, database queries may be performed during view rendering. Explicitly configure spring.jpa.open-in-view to disable this warning
2024-12-23T10:00:13.859+07:00 DEBUG 28588 --- [siakad] [http-nio-9090-exec-2] org.hibernate.SQL                        : 
    insert 
    into
        guru
        (alamat, created_at, deleted_at, foto, gender, mapel_id, nama_guru, nip, no_telp, tanggal_lahir, tempat_lahir, updated_at) 
    values
        (?, ?, ?, ?, ?, ?, ?, ?, ?, ?, ?, ?)
2024-12-23T10:01:26.271+07:00 DEBUG 28588 --- [siakad] [http-nio-9090-exec-3] org.hibernate.SQL                        : 
    select
        g1_0.guru_id,
        g1_0.alamat,
        g1_0.created_at,
        g1_0.deleted_at,
        g1_0.foto,
        g1_0.gender,
        g1_0.mapel_id,
        g1_0.nama_guru,
        g1_0.nip,
        g1_0.no_telp,
        g1_0.tanggal_lahir,
        g1_0.tempat_lahir,
        g1_0.updated_at 
    from
        guru g1_0 
    where
        g1_0.guru_id=?
2024-12-23T10:01:26.375+07:00 DEBUG 28588 --- [siakad] [http-nio-9090-exec-3] org.hibernate.SQL                        : 
    delete 
    from
        guru 
    where
        guru_id=?
2024-12-23T10:03:54.105+07:00  WARN 1904 --- [siakad] [main] org.hibernate.orm.deprecation            : HHH90000025: PostgreSQLDialect does not need to be specified explicitly using 'hibernate.dialect' (remove the property setting and it will be selected by default)
2024-12-23T10:03:55.359+07:00  WARN 1904 --- [siakad] [main] org.hibernate.mapping.RootClass          : HHH000038: Composite-id class does not override equals(): com.project.siakad.model.Guru
2024-12-23T10:03:55.359+07:00  WARN 1904 --- [siakad] [main] org.hibernate.mapping.RootClass          : HHH000039: Composite-id class does not override hashCode(): com.project.siakad.model.Guru
2024-12-23T10:03:58.254+07:00  WARN 1904 --- [siakad] [main] ConfigServletWebServerApplicationContext : Exception encountered during context initialization - cancelling refresh attempt: org.springframework.beans.factory.UnsatisfiedDependencyException: Error creating bean with name 'guruController': Unsatisfied dependency expressed through field 'guruService': Error creating bean with name 'guruServiceImpl': Unsatisfied dependency expressed through field 'GuruRepo': Error creating bean with name 'guruRepo' defined in com.project.siakad.repository.GuruRepo defined in @EnableJpaRepositories declared on JpaRepositoriesRegistrar.EnableJpaRepositoriesConfiguration: This class [class com.project.siakad.model.Guru] does not define an IdClass
2024-12-23T10:03:58.364+07:00 ERROR 1904 --- [siakad] [main] o.s.boot.SpringApplication               : Application run failed

org.springframework.beans.factory.UnsatisfiedDependencyException: Error creating bean with name 'guruController': Unsatisfied dependency expressed through field 'guruService': Error creating bean with name 'guruServiceImpl': Unsatisfied dependency expressed through field 'GuruRepo': Error creating bean with name 'guruRepo' defined in com.project.siakad.repository.GuruRepo defined in @EnableJpaRepositories declared on JpaRepositoriesRegistrar.EnableJpaRepositoriesConfiguration: This class [class com.project.siakad.model.Guru] does not define an IdClass
	at org.springframework.beans.factory.annotation.AutowiredAnnotationBeanPostProcessor$AutowiredFieldElement.resolveFieldValue(AutowiredAnnotationBeanPostProcessor.java:788) ~[spring-beans-6.2.0.jar:6.2.0]
	at org.springframework.beans.factory.annotation.AutowiredAnnotationBeanPostProcessor$AutowiredFieldElement.inject(AutowiredAnnotationBeanPostProcessor.java:768) ~[spring-beans-6.2.0.jar:6.2.0]
	at org.springframework.beans.factory.annotation.InjectionMetadata.inject(InjectionMetadata.java:146) ~[spring-beans-6.2.0.jar:6.2.0]
	at org.springframework.beans.factory.annotation.AutowiredAnnotationBeanPostProcessor.postProcessProperties(AutowiredAnnotationBeanPostProcessor.java:509) ~[spring-beans-6.2.0.jar:6.2.0]
	at org.springframework.beans.factory.support.AbstractAutowireCapableBeanFactory.populateBean(AbstractAutowireCapableBeanFactory.java:1435) ~[spring-beans-6.2.0.jar:6.2.0]
	at org.springframework.beans.factory.support.AbstractAutowireCapableBeanFactory.doCreateBean(AbstractAutowireCapableBeanFactory.java:600) ~[spring-beans-6.2.0.jar:6.2.0]
	at org.springframework.beans.factory.support.AbstractAutowireCapableBeanFactory.createBean(AbstractAutowireCapableBeanFactory.java:523) ~[spring-beans-6.2.0.jar:6.2.0]
	at org.springframework.beans.factory.support.AbstractBeanFactory.lambda$doGetBean$0(AbstractBeanFactory.java:336) ~[spring-beans-6.2.0.jar:6.2.0]
	at org.springframework.beans.factory.support.DefaultSingletonBeanRegistry.getSingleton(DefaultSingletonBeanRegistry.java:288) ~[spring-beans-6.2.0.jar:6.2.0]
	at org.springframework.beans.factory.support.AbstractBeanFactory.doGetBean(AbstractBeanFactory.java:334) ~[spring-beans-6.2.0.jar:6.2.0]
	at org.springframework.beans.factory.support.AbstractBeanFactory.getBean(AbstractBeanFactory.java:199) ~[spring-beans-6.2.0.jar:6.2.0]
	at org.springframework.beans.factory.support.DefaultListableBeanFactory.instantiateSingleton(DefaultListableBeanFactory.java:1122) ~[spring-beans-6.2.0.jar:6.2.0]
	at org.springframework.beans.factory.support.DefaultListableBeanFactory.preInstantiateSingleton(DefaultListableBeanFactory.java:1093) ~[spring-beans-6.2.0.jar:6.2.0]
	at org.springframework.beans.factory.support.DefaultListableBeanFactory.preInstantiateSingletons(DefaultListableBeanFactory.java:1030) ~[spring-beans-6.2.0.jar:6.2.0]
	at org.springframework.context.support.AbstractApplicationContext.finishBeanFactoryInitialization(AbstractApplicationContext.java:987) ~[spring-context-6.2.0.jar:6.2.0]
	at org.springframework.context.support.AbstractApplicationContext.refresh(AbstractApplicationContext.java:627) ~[spring-context-6.2.0.jar:6.2.0]
	at org.springframework.boot.web.servlet.context.ServletWebServerApplicationContext.refresh(ServletWebServerApplicationContext.java:146) ~[spring-boot-3.4.0.jar:3.4.0]
	at org.springframework.boot.SpringApplication.refresh(SpringApplication.java:752) ~[spring-boot-3.4.0.jar:3.4.0]
	at org.springframework.boot.SpringApplication.refreshContext(SpringApplication.java:439) ~[spring-boot-3.4.0.jar:3.4.0]
	at org.springframework.boot.SpringApplication.run(SpringApplication.java:318) ~[spring-boot-3.4.0.jar:3.4.0]
	at org.springframework.boot.SpringApplication.run(SpringApplication.java:1361) ~[spring-boot-3.4.0.jar:3.4.0]
	at org.springframework.boot.SpringApplication.run(SpringApplication.java:1350) ~[spring-boot-3.4.0.jar:3.4.0]
	at com.project.siakad.SiakadApplication.main(SiakadApplication.java:10) ~[classes/:na]
Caused by: org.springframework.beans.factory.UnsatisfiedDependencyException: Error creating bean with name 'guruServiceImpl': Unsatisfied dependency expressed through field 'GuruRepo': Error creating bean with name 'guruRepo' defined in com.project.siakad.repository.GuruRepo defined in @EnableJpaRepositories declared on JpaRepositoriesRegistrar.EnableJpaRepositoriesConfiguration: This class [class com.project.siakad.model.Guru] does not define an IdClass
	at org.springframework.beans.factory.annotation.AutowiredAnnotationBeanPostProcessor$AutowiredFieldElement.resolveFieldValue(AutowiredAnnotationBeanPostProcessor.java:788) ~[spring-beans-6.2.0.jar:6.2.0]
	at org.springframework.beans.factory.annotation.AutowiredAnnotationBeanPostProcessor$AutowiredFieldElement.inject(AutowiredAnnotationBeanPostProcessor.java:768) ~[spring-beans-6.2.0.jar:6.2.0]
	at org.springframework.beans.factory.annotation.InjectionMetadata.inject(InjectionMetadata.java:146) ~[spring-beans-6.2.0.jar:6.2.0]
	at org.springframework.beans.factory.annotation.AutowiredAnnotationBeanPostProcessor.postProcessProperties(AutowiredAnnotationBeanPostProcessor.java:509) ~[spring-beans-6.2.0.jar:6.2.0]
	at org.springframework.beans.factory.support.AbstractAutowireCapableBeanFactory.populateBean(AbstractAutowireCapableBeanFactory.java:1435) ~[spring-beans-6.2.0.jar:6.2.0]
	at org.springframework.beans.factory.support.AbstractAutowireCapableBeanFactory.doCreateBean(AbstractAutowireCapableBeanFactory.java:600) ~[spring-beans-6.2.0.jar:6.2.0]
	at org.springframework.beans.factory.support.AbstractAutowireCapableBeanFactory.createBean(AbstractAutowireCapableBeanFactory.java:523) ~[spring-beans-6.2.0.jar:6.2.0]
	at org.springframework.beans.factory.support.AbstractBeanFactory.lambda$doGetBean$0(AbstractBeanFactory.java:336) ~[spring-beans-6.2.0.jar:6.2.0]
	at org.springframework.beans.factory.support.DefaultSingletonBeanRegistry.getSingleton(DefaultSingletonBeanRegistry.java:288) ~[spring-beans-6.2.0.jar:6.2.0]
	at org.springframework.beans.factory.support.AbstractBeanFactory.doGetBean(AbstractBeanFactory.java:334) ~[spring-beans-6.2.0.jar:6.2.0]
	at org.springframework.beans.factory.support.AbstractBeanFactory.getBean(AbstractBeanFactory.java:199) ~[spring-beans-6.2.0.jar:6.2.0]
	at org.springframework.beans.factory.config.DependencyDescriptor.resolveCandidate(DependencyDescriptor.java:254) ~[spring-beans-6.2.0.jar:6.2.0]
	at org.springframework.beans.factory.support.DefaultListableBeanFactory.doResolveDependency(DefaultListableBeanFactory.java:1626) ~[spring-beans-6.2.0.jar:6.2.0]
	at org.springframework.beans.factory.support.DefaultListableBeanFactory.resolveDependency(DefaultListableBeanFactory.java:1514) ~[spring-beans-6.2.0.jar:6.2.0]
	at org.springframework.beans.factory.annotation.AutowiredAnnotationBeanPostProcessor$AutowiredFieldElement.resolveFieldValue(AutowiredAnnotationBeanPostProcessor.java:785) ~[spring-beans-6.2.0.jar:6.2.0]
	... 22 common frames omitted
Caused by: org.springframework.beans.factory.BeanCreationException: Error creating bean with name 'guruRepo' defined in com.project.siakad.repository.GuruRepo defined in @EnableJpaRepositories declared on JpaRepositoriesRegistrar.EnableJpaRepositoriesConfiguration: This class [class com.project.siakad.model.Guru] does not define an IdClass
	at org.springframework.beans.factory.support.AbstractAutowireCapableBeanFactory.initializeBean(AbstractAutowireCapableBeanFactory.java:1802) ~[spring-beans-6.2.0.jar:6.2.0]
	at org.springframework.beans.factory.support.AbstractAutowireCapableBeanFactory.doCreateBean(AbstractAutowireCapableBeanFactory.java:601) ~[spring-beans-6.2.0.jar:6.2.0]
	at org.springframework.beans.factory.support.AbstractAutowireCapableBeanFactory.createBean(AbstractAutowireCapableBeanFactory.java:523) ~[spring-beans-6.2.0.jar:6.2.0]
	at org.springframework.beans.factory.support.AbstractBeanFactory.lambda$doGetBean$0(AbstractBeanFactory.java:336) ~[spring-beans-6.2.0.jar:6.2.0]
	at org.springframework.beans.factory.support.DefaultSingletonBeanRegistry.getSingleton(DefaultSingletonBeanRegistry.java:288) ~[spring-beans-6.2.0.jar:6.2.0]
	at org.springframework.beans.factory.support.AbstractBeanFactory.doGetBean(AbstractBeanFactory.java:334) ~[spring-beans-6.2.0.jar:6.2.0]
	at org.springframework.beans.factory.support.AbstractBeanFactory.getBean(AbstractBeanFactory.java:199) ~[spring-beans-6.2.0.jar:6.2.0]
	at org.springframework.beans.factory.config.DependencyDescriptor.resolveCandidate(DependencyDescriptor.java:254) ~[spring-beans-6.2.0.jar:6.2.0]
	at org.springframework.beans.factory.support.DefaultListableBeanFactory.doResolveDependency(DefaultListableBeanFactory.java:1626) ~[spring-beans-6.2.0.jar:6.2.0]
	at org.springframework.beans.factory.support.DefaultListableBeanFactory.resolveDependency(DefaultListableBeanFactory.java:1514) ~[spring-beans-6.2.0.jar:6.2.0]
	at org.springframework.beans.factory.annotation.AutowiredAnnotationBeanPostProcessor$AutowiredFieldElement.resolveFieldValue(AutowiredAnnotationBeanPostProcessor.java:785) ~[spring-beans-6.2.0.jar:6.2.0]
	... 36 common frames omitted
Caused by: java.lang.IllegalArgumentException: This class [class com.project.siakad.model.Guru] does not define an IdClass
	at org.hibernate.metamodel.model.domain.AbstractIdentifiableType.getIdClassAttributes(AbstractIdentifiableType.java:214) ~[hibernate-core-6.6.2.Final.jar:6.6.2.Final]
	at org.springframework.data.jpa.repository.support.JpaMetamodelEntityInformation$IdMetadata.<init>(JpaMetamodelEntityInformation.java:286) ~[spring-data-jpa-3.4.0.jar:3.4.0]
	at org.springframework.data.jpa.repository.support.JpaMetamodelEntityInformation.<init>(JpaMetamodelEntityInformation.java:94) ~[spring-data-jpa-3.4.0.jar:3.4.0]
	at org.springframework.data.jpa.repository.support.JpaEntityInformationSupport.getEntityInformation(JpaEntityInformationSupport.java:69) ~[spring-data-jpa-3.4.0.jar:3.4.0]
	at org.springframework.data.jpa.repository.support.JpaRepositoryFactory.getEntityInformation(JpaRepositoryFactory.java:251) ~[spring-data-jpa-3.4.0.jar:3.4.0]
	at org.springframework.data.jpa.repository.support.JpaRepositoryFactory.getTargetRepository(JpaRepositoryFactory.java:215) ~[spring-data-jpa-3.4.0.jar:3.4.0]
	at org.springframework.data.jpa.repository.support.JpaRepositoryFactory.getTargetRepository(JpaRepositoryFactory.java:198) ~[spring-data-jpa-3.4.0.jar:3.4.0]
	at org.springframework.data.jpa.repository.support.JpaRepositoryFactory.getTargetRepository(JpaRepositoryFactory.java:1) ~[spring-data-jpa-3.4.0.jar:3.4.0]
	at org.springframework.data.repository.core.support.RepositoryFactorySupport.getRepository(RepositoryFactorySupport.java:386) ~[spring-data-commons-3.4.0.jar:3.4.0]
	at org.springframework.data.repository.core.support.RepositoryFactoryBeanSupport.lambda$afterPropertiesSet$4(RepositoryFactoryBeanSupport.java:350) ~[spring-data-commons-3.4.0.jar:3.4.0]
	at org.springframework.data.util.Lazy.getNullable(Lazy.java:135) ~[spring-data-commons-3.4.0.jar:3.4.0]
	at org.springframework.data.util.Lazy.get(Lazy.java:113) ~[spring-data-commons-3.4.0.jar:3.4.0]
	at org.springframework.data.repository.core.support.RepositoryFactoryBeanSupport.afterPropertiesSet(RepositoryFactoryBeanSupport.java:356) ~[spring-data-commons-3.4.0.jar:3.4.0]
	at org.springframework.data.jpa.repository.support.JpaRepositoryFactoryBean.afterPropertiesSet(JpaRepositoryFactoryBean.java:132) ~[spring-data-jpa-3.4.0.jar:3.4.0]
	at org.springframework.beans.factory.support.AbstractAutowireCapableBeanFactory.invokeInitMethods(AbstractAutowireCapableBeanFactory.java:1849) ~[spring-beans-6.2.0.jar:6.2.0]
	at org.springframework.beans.factory.support.AbstractAutowireCapableBeanFactory.initializeBean(AbstractAutowireCapableBeanFactory.java:1798) ~[spring-beans-6.2.0.jar:6.2.0]
	... 46 common frames omitted

2024-12-23T10:04:32.306+07:00  WARN 21080 --- [siakad] [main] org.hibernate.orm.deprecation            : HHH90000025: PostgreSQLDialect does not need to be specified explicitly using 'hibernate.dialect' (remove the property setting and it will be selected by default)
2024-12-23T10:04:36.625+07:00  WARN 21080 --- [siakad] [main] JpaBaseConfiguration$JpaWebConfiguration : spring.jpa.open-in-view is enabled by default. Therefore, database queries may be performed during view rendering. Explicitly configure spring.jpa.open-in-view to disable this warning
2024-12-23T10:26:39.101+07:00 DEBUG 21080 --- [siakad] [http-nio-9090-exec-1] org.hibernate.SQL                        : 
    select
        g1_0.guru_id,
        g1_0.alamat,
        g1_0.created_at,
        g1_0.deleted_at,
        g1_0.foto,
        g1_0.gender,
        g1_0.mapel_id,
        g1_0.nama_guru,
        g1_0.nip,
        g1_0.no_telp,
        g1_0.tanggal_lahir,
        g1_0.tempat_lahir,
        g1_0.updated_at 
    from
        guru g1_0
2024-12-23T10:26:56.246+07:00 DEBUG 21080 --- [siakad] [http-nio-9090-exec-2] org.hibernate.SQL                        : 
    insert 
    into
        guru
        (alamat, created_at, deleted_at, foto, gender, mapel_id, nama_guru, nip, no_telp, tanggal_lahir, tempat_lahir, updated_at) 
    values
        (?, ?, ?, ?, ?, ?, ?, ?, ?, ?, ?, ?)
2024-12-23T10:27:12.544+07:00 DEBUG 21080 --- [siakad] [http-nio-9090-exec-3] org.hibernate.SQL                        : 
    select
        g1_0.guru_id,
        g1_0.alamat,
        g1_0.created_at,
        g1_0.deleted_at,
        g1_0.foto,
        g1_0.gender,
        g1_0.mapel_id,
        g1_0.nama_guru,
        g1_0.nip,
        g1_0.no_telp,
        g1_0.tanggal_lahir,
        g1_0.tempat_lahir,
        g1_0.updated_at 
    from
        guru g1_0 
    where
        g1_0.guru_id=?
2024-12-23T10:27:12.579+07:00 DEBUG 21080 --- [siakad] [http-nio-9090-exec-3] org.hibernate.SQL                        : 
    delete 
    from
        guru 
    where
        guru_id=?
2024-12-23T10:27:33.197+07:00  WARN 23364 --- [siakad] [main] org.hibernate.orm.deprecation            : HHH90000025: PostgreSQLDialect does not need to be specified explicitly using 'hibernate.dialect' (remove the property setting and it will be selected by default)
2024-12-23T10:27:37.853+07:00  WARN 23364 --- [siakad] [main] JpaBaseConfiguration$JpaWebConfiguration : spring.jpa.open-in-view is enabled by default. Therefore, database queries may be performed during view rendering. Explicitly configure spring.jpa.open-in-view to disable this warning
2024-12-23T10:29:40.603+07:00 DEBUG 23364 --- [siakad] [http-nio-9090-exec-3] org.hibernate.SQL                        : 
    insert 
    into
        guru
        (alamat, created_at, deleted_at, foto, gender, mapel_id, nama_guru, nip, no_telp, tanggal_lahir, tempat_lahir, updated_at) 
    values
        (?, ?, ?, ?, ?, ?, ?, ?, ?, ?, ?, ?)
2024-12-23T12:32:14.414+07:00  WARN 24700 --- [siakad] [main] ConfigServletWebServerApplicationContext : Exception encountered during context initialization - cancelling refresh attempt: java.lang.IllegalStateException: Error processing condition on org.springframework.boot.autoconfigure.context.PropertyPlaceholderAutoConfiguration.propertySourcesPlaceholderConfigurer
2024-12-23T12:32:14.481+07:00 ERROR 24700 --- [siakad] [main] o.s.boot.SpringApplication               : Application run failed

java.lang.IllegalStateException: Error processing condition on org.springframework.boot.autoconfigure.context.PropertyPlaceholderAutoConfiguration.propertySourcesPlaceholderConfigurer
	at org.springframework.boot.autoconfigure.condition.SpringBootCondition.matches(SpringBootCondition.java:60) ~[spring-boot-autoconfigure-3.4.0.jar:3.4.0]
	at org.springframework.context.annotation.ConditionEvaluator.shouldSkip(ConditionEvaluator.java:99) ~[spring-context-6.2.0.jar:6.2.0]
	at org.springframework.context.annotation.ConfigurationClassBeanDefinitionReader.loadBeanDefinitionsForBeanMethod(ConfigurationClassBeanDefinitionReader.java:184) ~[spring-context-6.2.0.jar:6.2.0]
	at org.springframework.context.annotation.ConfigurationClassBeanDefinitionReader.loadBeanDefinitionsForConfigurationClass(ConfigurationClassBeanDefinitionReader.java:145) ~[spring-context-6.2.0.jar:6.2.0]
	at org.springframework.context.annotation.ConfigurationClassBeanDefinitionReader.loadBeanDefinitions(ConfigurationClassBeanDefinitionReader.java:121) ~[spring-context-6.2.0.jar:6.2.0]
	at org.springframework.context.annotation.ConfigurationClassPostProcessor.processConfigBeanDefinitions(ConfigurationClassPostProcessor.java:430) ~[spring-context-6.2.0.jar:6.2.0]
	at org.springframework.context.annotation.ConfigurationClassPostProcessor.postProcessBeanDefinitionRegistry(ConfigurationClassPostProcessor.java:290) ~[spring-context-6.2.0.jar:6.2.0]
	at org.springframework.context.support.PostProcessorRegistrationDelegate.invokeBeanDefinitionRegistryPostProcessors(PostProcessorRegistrationDelegate.java:349) ~[spring-context-6.2.0.jar:6.2.0]
	at org.springframework.context.support.PostProcessorRegistrationDelegate.invokeBeanFactoryPostProcessors(PostProcessorRegistrationDelegate.java:118) ~[spring-context-6.2.0.jar:6.2.0]
	at org.springframework.context.support.AbstractApplicationContext.invokeBeanFactoryPostProcessors(AbstractApplicationContext.java:791) ~[spring-context-6.2.0.jar:6.2.0]
	at org.springframework.context.support.AbstractApplicationContext.refresh(AbstractApplicationContext.java:609) ~[spring-context-6.2.0.jar:6.2.0]
	at org.springframework.boot.web.servlet.context.ServletWebServerApplicationContext.refresh(ServletWebServerApplicationContext.java:146) ~[spring-boot-3.4.0.jar:3.4.0]
	at org.springframework.boot.SpringApplication.refresh(SpringApplication.java:752) ~[spring-boot-3.4.0.jar:3.4.0]
	at org.springframework.boot.SpringApplication.refreshContext(SpringApplication.java:439) ~[spring-boot-3.4.0.jar:3.4.0]
	at org.springframework.boot.SpringApplication.run(SpringApplication.java:318) ~[spring-boot-3.4.0.jar:3.4.0]
	at org.springframework.boot.SpringApplication.run(SpringApplication.java:1361) ~[spring-boot-3.4.0.jar:3.4.0]
	at org.springframework.boot.SpringApplication.run(SpringApplication.java:1350) ~[spring-boot-3.4.0.jar:3.4.0]
	at com.project.siakad.SiakadApplication.main(SiakadApplication.java:10) ~[classes/:na]
Caused by: java.lang.IllegalStateException: Failed to introspect Class [com.project.siakad.config.SecurityConfig] from ClassLoader [jdk.internal.loader.ClassLoaders$AppClassLoader@6659c656]
	at org.springframework.util.ReflectionUtils.getDeclaredMethods(ReflectionUtils.java:483) ~[spring-core-6.2.0.jar:6.2.0]
	at org.springframework.util.ReflectionUtils.doWithMethods(ReflectionUtils.java:360) ~[spring-core-6.2.0.jar:6.2.0]
	at org.springframework.util.ReflectionUtils.getUniqueDeclaredMethods(ReflectionUtils.java:417) ~[spring-core-6.2.0.jar:6.2.0]
	at org.springframework.beans.factory.support.AbstractAutowireCapableBeanFactory.lambda$getTypeForFactoryMethod$1(AbstractAutowireCapableBeanFactory.java:751) ~[spring-beans-6.2.0.jar:6.2.0]
	at java.base/java.util.concurrent.ConcurrentHashMap.computeIfAbsent(Unknown Source) ~[na:na]
	at org.springframework.beans.factory.support.AbstractAutowireCapableBeanFactory.getTypeForFactoryMethod(AbstractAutowireCapableBeanFactory.java:750) ~[spring-beans-6.2.0.jar:6.2.0]
	at org.springframework.beans.factory.support.AbstractAutowireCapableBeanFactory.determineTargetType(AbstractAutowireCapableBeanFactory.java:683) ~[spring-beans-6.2.0.jar:6.2.0]
	at org.springframework.beans.factory.support.AbstractAutowireCapableBeanFactory.predictBeanType(AbstractAutowireCapableBeanFactory.java:654) ~[spring-beans-6.2.0.jar:6.2.0]
	at org.springframework.beans.factory.support.AbstractBeanFactory.isFactoryBean(AbstractBeanFactory.java:1683) ~[spring-beans-6.2.0.jar:6.2.0]
	at org.springframework.beans.factory.support.DefaultListableBeanFactory.doGetBeanNamesForType(DefaultListableBeanFactory.java:592) ~[spring-beans-6.2.0.jar:6.2.0]
	at org.springframework.beans.factory.support.DefaultListableBeanFactory.getBeanNamesForType(DefaultListableBeanFactory.java:564) ~[spring-beans-6.2.0.jar:6.2.0]
	at org.springframework.boot.autoconfigure.condition.OnBeanCondition.collectBeanDefinitionsForType(OnBeanCondition.java:311) ~[spring-boot-autoconfigure-3.4.0.jar:3.4.0]
	at org.springframework.boot.autoconfigure.condition.OnBeanCondition.getBeanDefinitionsForType(OnBeanCondition.java:303) ~[spring-boot-autoconfigure-3.4.0.jar:3.4.0]
	at org.springframework.boot.autoconfigure.condition.OnBeanCondition.getBeanDefinitionsForType(OnBeanCondition.java:293) ~[spring-boot-autoconfigure-3.4.0.jar:3.4.0]
	at org.springframework.boot.autoconfigure.condition.OnBeanCondition.getMatchingBeans(OnBeanCondition.java:219) ~[spring-boot-autoconfigure-3.4.0.jar:3.4.0]
	at org.springframework.boot.autoconfigure.condition.OnBeanCondition.evaluateConditionalOnMissingBean(OnBeanCondition.java:196) ~[spring-boot-autoconfigure-3.4.0.jar:3.4.0]
	at org.springframework.boot.autoconfigure.condition.OnBeanCondition.getMatchOutcome(OnBeanCondition.java:143) ~[spring-boot-autoconfigure-3.4.0.jar:3.4.0]
	at org.springframework.boot.autoconfigure.condition.SpringBootCondition.matches(SpringBootCondition.java:47) ~[spring-boot-autoconfigure-3.4.0.jar:3.4.0]
	... 17 common frames omitted
Caused by: java.lang.NoClassDefFoundError: org/springframework/security/config/annotation/web/builders/HttpSecurity
	at java.base/java.lang.Class.getDeclaredMethods0(Native Method) ~[na:na]
	at java.base/java.lang.Class.privateGetDeclaredMethods(Unknown Source) ~[na:na]
	at java.base/java.lang.Class.getDeclaredMethods(Unknown Source) ~[na:na]
	at org.springframework.util.ReflectionUtils.getDeclaredMethods(ReflectionUtils.java:465) ~[spring-core-6.2.0.jar:6.2.0]
	... 34 common frames omitted
Caused by: java.lang.ClassNotFoundException: org.springframework.security.config.annotation.web.builders.HttpSecurity
	at java.base/jdk.internal.loader.BuiltinClassLoader.loadClass(Unknown Source) ~[na:na]
	at java.base/jdk.internal.loader.ClassLoaders$AppClassLoader.loadClass(Unknown Source) ~[na:na]
	at java.base/java.lang.ClassLoader.loadClass(Unknown Source) ~[na:na]
	... 38 common frames omitted

2024-12-23T12:38:06.889+07:00  WARN 21672 --- [siakad] [main] org.hibernate.orm.deprecation            : HHH90000025: PostgreSQLDialect does not need to be specified explicitly using 'hibernate.dialect' (remove the property setting and it will be selected by default)
2024-12-23T12:38:10.319+07:00  WARN 21672 --- [siakad] [main] JpaBaseConfiguration$JpaWebConfiguration : spring.jpa.open-in-view is enabled by default. Therefore, database queries may be performed during view rendering. Explicitly configure spring.jpa.open-in-view to disable this warning
2024-12-23T12:38:35.486+07:00 DEBUG 21672 --- [siakad] [http-nio-9090-exec-1] org.hibernate.SQL                        : 
    select
        g1_0.guru_id,
        g1_0.alamat,
        g1_0.created_at,
        g1_0.deleted_at,
        g1_0.foto,
        g1_0.gender,
        g1_0.mapel_id,
        g1_0.nama_guru,
        g1_0.nip,
        g1_0.no_telp,
        g1_0.tanggal_lahir,
        g1_0.tempat_lahir,
        g1_0.updated_at 
    from
        guru g1_0
2024-12-23T13:08:52.672+07:00  WARN 14888 --- [siakad] [main] org.hibernate.orm.deprecation            : HHH90000025: PostgreSQLDialect does not need to be specified explicitly using 'hibernate.dialect' (remove the property setting and it will be selected by default)
2024-12-23T13:08:56.352+07:00  WARN 14888 --- [siakad] [main] JpaBaseConfiguration$JpaWebConfiguration : spring.jpa.open-in-view is enabled by default. Therefore, database queries may be performed during view rendering. Explicitly configure spring.jpa.open-in-view to disable this warning
2024-12-23T13:09:28.182+07:00 DEBUG 14888 --- [siakad] [http-nio-9090-exec-1] org.hibernate.SQL                        : 
    select
        g1_0.guru_id,
        g1_0.alamat,
        g1_0.created_at,
        g1_0.deleted_at,
        g1_0.foto,
        g1_0.gender,
        g1_0.mapel_id,
        g1_0.nama_guru,
        g1_0.nip,
        g1_0.no_telp,
        g1_0.tanggal_lahir,
        g1_0.tempat_lahir,
        g1_0.updated_at 
    from
        guru g1_0
2024-12-23T13:09:44.874+07:00 DEBUG 14888 --- [siakad] [http-nio-9090-exec-2] org.hibernate.SQL                        : 
    select
        g1_0.guru_id,
        g1_0.alamat,
        g1_0.created_at,
        g1_0.deleted_at,
        g1_0.foto,
        g1_0.gender,
        g1_0.mapel_id,
        g1_0.nama_guru,
        g1_0.nip,
        g1_0.no_telp,
        g1_0.tanggal_lahir,
        g1_0.tempat_lahir,
        g1_0.updated_at 
    from
        guru g1_0 
    where
        g1_0.guru_id=?
2024-12-23T13:09:51.463+07:00 DEBUG 14888 --- [siakad] [http-nio-9090-exec-3] org.hibernate.SQL                        : 
    select
        g1_0.guru_id,
        g1_0.alamat,
        g1_0.created_at,
        g1_0.deleted_at,
        g1_0.foto,
        g1_0.gender,
        g1_0.mapel_id,
        g1_0.nama_guru,
        g1_0.nip,
        g1_0.no_telp,
        g1_0.tanggal_lahir,
        g1_0.tempat_lahir,
        g1_0.updated_at 
    from
        guru g1_0
2024-12-23T13:10:02.827+07:00 DEBUG 14888 --- [siakad] [http-nio-9090-exec-4] org.hibernate.SQL                        : 
    select
        g1_0.guru_id,
        g1_0.alamat,
        g1_0.created_at,
        g1_0.deleted_at,
        g1_0.foto,
        g1_0.gender,
        g1_0.mapel_id,
        g1_0.nama_guru,
        g1_0.nip,
        g1_0.no_telp,
        g1_0.tanggal_lahir,
        g1_0.tempat_lahir,
        g1_0.updated_at 
    from
        guru g1_0 
    where
        g1_0.guru_id=?
2024-12-23T13:10:02.907+07:00 DEBUG 14888 --- [siakad] [http-nio-9090-exec-4] org.hibernate.SQL                        : 
    delete 
    from
        guru 
    where
        guru_id=?
2024-12-23T13:10:09.931+07:00 DEBUG 14888 --- [siakad] [http-nio-9090-exec-5] org.hibernate.SQL                        : 
    select
        g1_0.guru_id 
    from
        guru g1_0 
    where
        g1_0.nip=? 
    fetch
        first ? rows only
2024-12-23T13:13:14.236+07:00 DEBUG 14888 --- [siakad] [http-nio-9090-exec-6] org.hibernate.SQL                        : 
    select
        g1_0.guru_id,
        g1_0.alamat,
        g1_0.created_at,
        g1_0.deleted_at,
        g1_0.foto,
        g1_0.gender,
        g1_0.mapel_id,
        g1_0.nama_guru,
        g1_0.nip,
        g1_0.no_telp,
        g1_0.tanggal_lahir,
        g1_0.tempat_lahir,
        g1_0.updated_at 
    from
        guru g1_0 
    where
        g1_0.guru_id=?
2024-12-23T13:16:24.041+07:00  WARN 26520 --- [siakad] [main] org.hibernate.orm.deprecation            : HHH90000025: PostgreSQLDialect does not need to be specified explicitly using 'hibernate.dialect' (remove the property setting and it will be selected by default)
2024-12-23T13:16:27.660+07:00  WARN 26520 --- [siakad] [main] JpaBaseConfiguration$JpaWebConfiguration : spring.jpa.open-in-view is enabled by default. Therefore, database queries may be performed during view rendering. Explicitly configure spring.jpa.open-in-view to disable this warning
2024-12-23T13:16:34.342+07:00 DEBUG 26520 --- [siakad] [http-nio-9090-exec-3] org.hibernate.SQL                        : 
    select
        g1_0.guru_id,
        g1_0.alamat,
        g1_0.created_at,
        g1_0.deleted_at,
        g1_0.foto,
        g1_0.gender,
        g1_0.mapel_id,
        g1_0.nama_guru,
        g1_0.nip,
        g1_0.no_telp,
        g1_0.tanggal_lahir,
        g1_0.tempat_lahir,
        g1_0.updated_at 
    from
        guru g1_0 
    where
        g1_0.guru_id=?
2024-12-23T13:16:46.727+07:00 DEBUG 26520 --- [siakad] [http-nio-9090-exec-1] org.hibernate.SQL                        : 
    select
        g1_0.guru_id 
    from
        guru g1_0 
    where
        g1_0.nip=? 
    fetch
        first ? rows only
2024-12-23T13:22:49.668+07:00  WARN 6280 --- [siakad] [main] org.hibernate.orm.deprecation            : HHH90000025: PostgreSQLDialect does not need to be specified explicitly using 'hibernate.dialect' (remove the property setting and it will be selected by default)
2024-12-23T13:22:53.332+07:00  WARN 6280 --- [siakad] [main] JpaBaseConfiguration$JpaWebConfiguration : spring.jpa.open-in-view is enabled by default. Therefore, database queries may be performed during view rendering. Explicitly configure spring.jpa.open-in-view to disable this warning
2024-12-23T13:24:08.032+07:00 DEBUG 6280 --- [siakad] [http-nio-9090-exec-2] org.hibernate.SQL                        : 
    select
        g1_0.guru_id 
    from
        guru g1_0 
    where
        g1_0.nip=? 
    fetch
        first ? rows only
